<?xml version="1.0" encoding="UTF-8"?>
<!-- Generated by org.testng.reporters.JUnitReportReporter -->
<testsuite hostname="DESKTOP-LGQ4M5A" failures="0" tests="1" name="com.hrms.testscripts.Exp_testng_wd" time="4.589" errors="0" timestamp="2024-05-21T14:37:49 IST" skipped="0">
  <testcase classname="com.hrms.testscripts.Exp_testng_wd" name="tc001" time="4.589">
    <system-out>
      <![CDATA[application opened
login completed]]>
    </system-out>
  </testcase> <!-- tc001 -->
  <system-out>
    <![CDATA[application opened
login completed
close application]]>
  </system-out>
</testsuite> <!-- com.hrms.testscripts.Exp_testng_wd -->
