<?xml version="1.0" encoding="UTF-8"?>
<!-- Generated by org.testng.reporters.JUnitReportReporter -->
<testsuite hostname="DESKTOP-LGQ4M5A" failures="0" tests="2" name="com.hrms.testscripts.Exp_testng" time="0.010" errors="0" timestamp="2024-05-21T12:10:31 IST" skipped="0">
  <testcase classname="com.hrms.testscripts.Exp_testng" name="delemp" time="0.007"/>
  <testcase classname="com.hrms.testscripts.Exp_testng" name="Addemp" time="0.003"/>
</testsuite> <!-- com.hrms.testscripts.Exp_testng -->
