<?xml version="1.0" encoding="UTF-8"?>
<!-- Generated by org.testng.reporters.JUnitReportReporter -->
<testsuite hostname="DESKTOP-LGQ4M5A" failures="0" tests="1" name="com.hrms.testscripts.TC002" time="22.916" errors="0" timestamp="2024-05-25T12:52:33 IST" skipped="0">
  <testcase classname="com.hrms.testscripts.TC002" name="tc002" time="22.916"/>
</testsuite> <!-- com.hrms.testscripts.TC002 -->
